2013-08-16 02:12:35,217 INFO: errors[in C:\Users\smile_000\Documents\realPython\flasktaskr_root\Scripts\flasktaskr\app\__init__.py: 23]
2013-08-16 02:29:54,198 INFO: errors[in C:\Users\smile_000\Documents\realPython\flasktaskr_root\Scripts\flasktaskr\app\__init__.py: 23]
2013-08-16 02:48:41,852 ERROR: Exception on /register/ [GET][in C:\Users\smile_000\Documents\realPython\flasktaskr_root\lib\site-packages\flask\app.py: 1423]
Traceback (most recent call last):
  File "C:\Users\smile_000\Documents\realPython\flasktaskr_root\lib\site-packages\flask\app.py", line 1817, in wsgi_app
    response = self.full_dispatch_request()
  File "C:\Users\smile_000\Documents\realPython\flasktaskr_root\lib\site-packages\flask\app.py", line 1477, in full_dispatch_request
    rv = self.handle_user_exception(e)
  File "C:\Users\smile_000\Documents\realPython\flasktaskr_root\lib\site-packages\flask\app.py", line 1381, in handle_user_exception
    reraise(exc_type, exc_value, tb)
  File "C:\Users\smile_000\Documents\realPython\flasktaskr_root\lib\site-packages\flask\app.py", line 1475, in full_dispatch_request
    rv = self.dispatch_request()
  File "C:\Users\smile_000\Documents\realPython\flasktaskr_root\lib\site-packages\flask\app.py", line 1461, in dispatch_request
    return self.view_functions[rule.endpoint](**req.view_args)
  File "C:\Users\smile_000\Documents\realPython\flasktaskr_root\Scripts\flasktaskr\app\views.py", line 140, in register
    error = [errors for field,errors in form.errors.items()]
  File "C:\Users\smile_000\Documents\realPython\flasktaskr_root\lib\site-packages\flask\templating.py", line 128, in render_template
    context, ctx.app)
  File "C:\Users\smile_000\Documents\realPython\flasktaskr_root\lib\site-packages\flask\templating.py", line 110, in _render
    rv = template.render(context)
  File "C:\Users\smile_000\Documents\realPython\flasktaskr_root\lib\site-packages\jinja2\environment.py", line 969, in render
    return self.environment.handle_exception(exc_info, True)
  File "C:\Users\smile_000\Documents\realPython\flasktaskr_root\lib\site-packages\jinja2\environment.py", line 742, in handle_exception
    reraise(exc_type, exc_value, tb)
  File "C:\Users\smile_000\Documents\realPython\flasktaskr_root\Scripts\flasktaskr\app\templates\register.html", line 1, in top-level template code
    {% extends "template.html" %}
  File "C:\Users\smile_000\Documents\realPython\flasktaskr_root\Scripts\flasktaskr\app\templates\template.html", line 13, in top-level template code
    {% for errors in error %}
TypeError: 'NoneType' object is not iterable
2013-08-16 02:48:48,111 ERROR: Exception on / [GET][in C:\Users\smile_000\Documents\realPython\flasktaskr_root\lib\site-packages\flask\app.py: 1423]
Traceback (most recent call last):
  File "C:\Users\smile_000\Documents\realPython\flasktaskr_root\lib\site-packages\flask\app.py", line 1817, in wsgi_app
    response = self.full_dispatch_request()
  File "C:\Users\smile_000\Documents\realPython\flasktaskr_root\lib\site-packages\flask\app.py", line 1477, in full_dispatch_request
    rv = self.handle_user_exception(e)
  File "C:\Users\smile_000\Documents\realPython\flasktaskr_root\lib\site-packages\flask\app.py", line 1381, in handle_user_exception
    reraise(exc_type, exc_value, tb)
  File "C:\Users\smile_000\Documents\realPython\flasktaskr_root\lib\site-packages\flask\app.py", line 1475, in full_dispatch_request
    rv = self.dispatch_request()
  File "C:\Users\smile_000\Documents\realPython\flasktaskr_root\lib\site-packages\flask\app.py", line 1461, in dispatch_request
    return self.view_functions[rule.endpoint](**req.view_args)
  File "C:\Users\smile_000\Documents\realPython\flasktaskr_root\Scripts\flasktaskr\app\views.py", line 49, in login
    return render_template('login.html', form=LoginForm(request.form),error=error)
  File "C:\Users\smile_000\Documents\realPython\flasktaskr_root\lib\site-packages\flask\templating.py", line 128, in render_template
    context, ctx.app)
  File "C:\Users\smile_000\Documents\realPython\flasktaskr_root\lib\site-packages\flask\templating.py", line 110, in _render
    rv = template.render(context)
  File "C:\Users\smile_000\Documents\realPython\flasktaskr_root\lib\site-packages\jinja2\environment.py", line 969, in render
    return self.environment.handle_exception(exc_info, True)
  File "C:\Users\smile_000\Documents\realPython\flasktaskr_root\lib\site-packages\jinja2\environment.py", line 742, in handle_exception
    reraise(exc_type, exc_value, tb)
  File "C:\Users\smile_000\Documents\realPython\flasktaskr_root\Scripts\flasktaskr\app\templates\login.html", line 1, in top-level template code
    {% extends "template.html" %}
  File "C:\Users\smile_000\Documents\realPython\flasktaskr_root\Scripts\flasktaskr\app\templates\template.html", line 13, in top-level template code
    {% for errors in error %}
TypeError: 'NoneType' object is not iterable
2013-08-16 02:49:16,976 INFO: errors[in C:\Users\smile_000\Documents\realPython\flasktaskr_root\Scripts\flasktaskr\app\__init__.py: 23]
2013-08-16 02:49:18,052 INFO: errors[in C:\Users\smile_000\Documents\realPython\flasktaskr_root\Scripts\flasktaskr\app\__init__.py: 23]
2013-08-16 02:50:29,548 INFO: errors[in C:\Users\smile_000\Documents\realPython\flasktaskr_root\Scripts\flasktaskr\app\__init__.py: 23]
2013-08-16 02:51:04,984 INFO: errors[in C:\Users\smile_000\Documents\realPython\flasktaskr_root\Scripts\flasktaskr\app\__init__.py: 23]
2013-08-16 02:51:05,950 INFO: errors[in C:\Users\smile_000\Documents\realPython\flasktaskr_root\Scripts\flasktaskr\app\__init__.py: 23]
2013-08-16 02:52:59,825 INFO: errors[in C:\Users\smile_000\Documents\realPython\flasktaskr_root\Scripts\flasktaskr\app\__init__.py: 23]
2013-08-16 02:53:44,433 INFO: errors[in C:\Users\smile_000\Documents\realPython\flasktaskr_root\Scripts\flasktaskr\app\__init__.py: 23]
2013-08-16 02:53:45,437 INFO: errors[in C:\Users\smile_000\Documents\realPython\flasktaskr_root\Scripts\flasktaskr\app\__init__.py: 23]
2013-08-16 02:54:11,125 INFO: errors[in C:\Users\smile_000\Documents\realPython\flasktaskr_root\Scripts\flasktaskr\app\__init__.py: 23]
2013-08-16 02:54:35,756 INFO: errors[in C:\Users\smile_000\Documents\realPython\flasktaskr_root\Scripts\flasktaskr\app\__init__.py: 23]
2013-08-16 02:54:45,400 INFO: errors[in C:\Users\smile_000\Documents\realPython\flasktaskr_root\Scripts\flasktaskr\app\__init__.py: 23]
2013-08-16 02:55:58,940 INFO: errors[in C:\Users\smile_000\Documents\realPython\flasktaskr_root\Scripts\flasktaskr\app\__init__.py: 23]
2013-08-16 02:58:36,209 INFO: errors[in C:\Users\smile_000\Documents\realPython\flasktaskr_root\Scripts\flasktaskr\app\__init__.py: 23]
2013-08-16 02:59:45,460 INFO: errors[in C:\Users\smile_000\Documents\realPython\flasktaskr_root\Scripts\flasktaskr\app\__init__.py: 23]
2013-08-16 03:00:39,032 INFO: errors[in C:\Users\smile_000\Documents\realPython\flasktaskr_root\Scripts\flasktaskr\app\__init__.py: 23]
2013-08-16 03:00:40,128 INFO: errors[in C:\Users\smile_000\Documents\realPython\flasktaskr_root\Scripts\flasktaskr\app\__init__.py: 23]
2013-08-16 03:08:44,249 INFO: errors[in C:\Users\smile_000\Documents\realPython\flasktaskr_root\Scripts\flasktaskr\app\__init__.py: 23]
2013-08-16 03:10:45,316 INFO: errors[in C:\Users\smile_000\Documents\realPython\flasktaskr_root\Scripts\flasktaskr\app\__init__.py: 23]
2013-08-16 03:11:10,367 INFO: errors[in C:\Users\smile_000\Documents\realPython\flasktaskr_root\Scripts\flasktaskr\app\__init__.py: 23]
2013-08-16 03:11:24,790 INFO: errors[in C:\Users\smile_000\Documents\realPython\flasktaskr_root\Scripts\flasktaskr\app\__init__.py: 23]
2013-08-16 04:04:49,095 INFO: errors[in C:\Users\smile_000\Documents\realPython\flasktaskr_root\Scripts\flasktaskr\app\__init__.py: 23]
2013-08-16 04:04:50,812 INFO: errors[in C:\Users\smile_000\Documents\realPython\flasktaskr_root\Scripts\flasktaskr\app\__init__.py: 23]
2013-08-16 04:05:50,210 INFO: errors[in C:\Users\smile_000\Documents\realPython\flasktaskr_root\Scripts\flasktaskr\app\__init__.py: 23]
2013-08-16 04:05:51,289 INFO: errors[in C:\Users\smile_000\Documents\realPython\flasktaskr_root\Scripts\flasktaskr\app\__init__.py: 23]
2013-08-16 04:07:24,121 INFO: errors[in C:\Users\smile_000\Documents\realPython\flasktaskr_root\Scripts\flasktaskr\app\__init__.py: 23]
2013-08-16 04:07:24,895 INFO: errors[in C:\Users\smile_000\Documents\realPython\flasktaskr_root\Scripts\flasktaskr\app\__init__.py: 23]
2013-08-16 04:07:26,068 INFO: errors[in C:\Users\smile_000\Documents\realPython\flasktaskr_root\Scripts\flasktaskr\app\__init__.py: 23]
2013-08-16 04:09:35,836 INFO: errors[in C:\Users\smile_000\Documents\realPython\flasktaskr_root\Scripts\flasktaskr\app\__init__.py: 23]
2013-08-16 04:09:36,950 INFO: errors[in C:\Users\smile_000\Documents\realPython\flasktaskr_root\Scripts\flasktaskr\app\__init__.py: 23]
2013-08-17 00:47:57,575 INFO: errors[in C:\Users\smile_000\Documents\realPython\flasktaskr_root\Scripts\flasktaskr\app\__init__.py: 23]
2013-08-17 00:48:38,081 INFO: errors[in C:\Users\smile_000\Documents\realPython\flasktaskr_root\Scripts\flasktaskr\app\__init__.py: 23]
2013-08-17 00:50:01,709 INFO: errors[in C:\Users\smile_000\Documents\realPython\flasktaskr_root\Scripts\flasktaskr\app\__init__.py: 23]
2013-08-17 00:50:14,851 INFO: errors[in C:\Users\smile_000\Documents\realPython\flasktaskr_root\Scripts\flasktaskr\app\__init__.py: 23]
2013-08-17 00:56:00,349 INFO: errors[in C:\Users\smile_000\Documents\realPython\flasktaskr_root\Scripts\flasktaskr\app\__init__.py: 23]
2013-08-17 00:57:21,714 INFO: errors[in C:\Users\smile_000\Documents\realPython\flasktaskr_root\Scripts\flasktaskr\app\__init__.py: 23]
2013-08-17 00:57:23,378 INFO: errors[in C:\Users\smile_000\Documents\realPython\flasktaskr_root\Scripts\flasktaskr\app\__init__.py: 23]
